[PIPELINE] → watch: since_hours=24.0 top_k=10 min_score=0.3
[watch-import] [INFO] Started watch. since_hours=24.0 (→ days=7.00) top_k=10 min_score=0.3
[watch-import] [HF] daily fetched=5 from date/2026-01-05
[watch-import] [HF] weekly fetched=20 from week/2026-W02
[watch-import] [HF] monthly fetched=27 from month/2026-01
[watch-import] [INFO] Building library index for dedupe...
[watch-import] [INFO] Library index sizes: DOI=123 arXiv=1471 URL=1726 TY=1702
[watch-import] [TAG] embodied_ai 'embodied_ai｜具身智能' keywords=5
[watch-import] [SCORE] tag=embodied_ai total=0 selected=0
[watch-import] [TAG] embodied_surveys 'embodied_surveys｜具身智能综述' keywords=9
[watch-import] [HF] embodied_surveys matched 1 trending papers.
[watch-import] [SCORE] tag=embodied_surveys total=97 selected=0
[watch-import] [TAG] sim2real 'sim2real｜模拟到现实' keywords=5
[watch-import] [SCORE] tag=sim2real total=0 selected=0
[watch-import] [TAG] teleoperation 'teleoperation｜遥操作' keywords=5
[watch-import] [HF] teleoperation matched 1 trending papers.
[watch-import] [SCORE] tag=teleoperation total=4 selected=1
[watch-import] [COL] ensured collection 'teleoperation｜遥操作' → 8WXVCWFU
[watch-import] [SKIP] duplicate GR-Dexter Technical Report (arxiv:2512.24210)
[watch-import] [TAG] robotic_navigation 'robotic_navigation｜机器人导航' keywords=5
[watch-import] [HF] robotic_navigation matched 3 trending papers.
[watch-import] [SCORE] tag=robotic_navigation total=53 selected=0
[watch-import] [TAG] robotic_manipulation 'robotic_manipulation｜机器人操作' keywords=5
[watch-import] [HF] robotic_manipulation matched 4 trending papers.
[watch-import] [SCORE] tag=robotic_manipulation total=54 selected=0
[watch-import] [TAG] robotic_grasping 'robotic_grasping｜机器人抓取' keywords=5
[watch-import] [SCORE] tag=robotic_grasping total=0 selected=0
[watch-import] [TAG] vision_language_model 'vision_language_model｜视觉语言模型' keywords=5
[watch-import] [HF] vision_language_model matched 6 trending papers.
[watch-import] [SCORE] tag=vision_language_model total=66 selected=0
[watch-import] [TAG] vision_language_action_model 'vision_language_action_model｜视觉语言动作模型' keywords=4
[watch-import] [HF] vision_language_action_model matched 2 trending papers.
[watch-import] [HF-OVERRIDE] Added 'Dream-VL & Dream-VLA: Open Vision-Language and Vision-Language-Action Models wit' despite score=0.14
[watch-import] [SCORE] tag=vision_language_action_model total=19 selected=2
[watch-import] [COL] ensured collection 'vision_language_action_model｜视觉语言动作模型' → QXJMF6GC
[watch-import] [SKIP] duplicate GR-Dexter Technical Report (arxiv:2512.24210)
[watch-import] [SKIP] duplicate Dream-VL & Dream-VLA: Open Vision-Language and Vision-Language-Action Models wit (arxiv:2512.22615)
[watch-import] [TAG] large_language_model 'large_language_model｜大语言模型' keywords=4
[watch-import] [HF] large_language_model matched 22 trending papers.
[watch-import] [SCORE] tag=large_language_model total=72 selected=0
[watch-import] [TAG] foundation_model 'foundation_model｜基础模型' keywords=4
[watch-import] [HF] foundation_model matched 1 trending papers.
[watch-import] [SCORE] tag=foundation_model total=1 selected=1
[watch-import] [COL] ensured collection 'foundation_model｜基础模型' → XHCMX3G4
[watch-import] [SKIP] duplicate Forging Spatial Intelligence: A Roadmap of Multi-Modal Data Pre-Training for Aut (arxiv:2512.24385)
[watch-import] [TAG] dexterous_hand 'dexterous_hand｜灵巧机械手' keywords=4
[watch-import] [HF] dexterous_hand matched 1 trending papers.
[watch-import] [SCORE] tag=dexterous_hand total=1 selected=1
[watch-import] [COL] ensured collection 'dexterous_hand｜灵巧机械手' → 25I7PA87
[watch-import] [SKIP] duplicate GR-Dexter Technical Report (arxiv:2512.24210)
[watch-import] [TAG] humanoid_robot 'humanoid_robot｜类人机器人' keywords=4
[watch-import] [HF] humanoid_robot matched 1 trending papers.
[watch-import] [HF-OVERRIDE] Added 'MAI-UI Technical Report: Real-World Centric Foundation GUI Agents' despite score=0.03
[watch-import] [SCORE] tag=humanoid_robot total=2 selected=1
[watch-import] [COL] ensured collection 'humanoid_robot｜类人机器人' → B652AA82
[watch-import] [SKIP] duplicate MAI-UI Technical Report: Real-World Centric Foundation GUI Agents (arxiv:2512.22047)
[watch-import] [TAG] quadruped_robot 'quadruped_robot｜四足机器人' keywords=3
[watch-import] [SCORE] tag=quadruped_robot total=0 selected=0
[watch-import] [TAG] robotic_arm 'robotic_arm｜机械臂' keywords=3
[watch-import] [SCORE] tag=robotic_arm total=0 selected=0
[watch-import] [TAG] reinforcement_learning 'reinforcement_learning｜强化学习' keywords=4
[watch-import] [HF] reinforcement_learning matched 22 trending papers.
[watch-import] [HF-OVERRIDE] Added 'InsertAnywhere: Bridging 4D Scene Geometry and Diffusion Models for Realistic Vi' despite score=0.27
[watch-import] [HF-OVERRIDE] Added 'Dream2Flow: Bridging Video Generation and Open-World Manipulation with 3D Object' despite score=0.19
[watch-import] [SCORE] tag=reinforcement_learning total=68 selected=4
[watch-import] [COL] ensured collection 'reinforcement_learning｜强化学习' → 8S3SWIMS
[watch-import] [SKIP] duplicate Improving Multi-step RAG with Hypergraph-based Memory for Long-Context Complex R (arxiv:2512.23959)
[watch-import] [SKIP] duplicate Improving Multi-step RAG with Hypergraph-based Memory for Long-Context Complex R (arxiv:2512.23959)
[watch-import] [SKIP] duplicate InsertAnywhere: Bridging 4D Scene Geometry and Diffusion Models for Realistic Vi (arxiv:2512.17504)
[watch-import] [SKIP] duplicate Dream2Flow: Bridging Video Generation and Open-World Manipulation with 3D Object (arxiv:2512.24766)
[watch-import] [TAG] imitation_learning 'imitation_learning｜模仿学习' keywords=5
[watch-import] [SCORE] tag=imitation_learning total=0 selected=0
[watch-import] [TAG] world_model 'world_model｜世界模型' keywords=4
[watch-import] [SCORE] tag=world_model total=0 selected=0
[watch-import] [TAG] simulator 'simulator｜仿真平台' keywords=5
[watch-import] [SCORE] tag=simulator total=50 selected=0
[watch-import] [TAG] motion_planning 'motion_planning｜运动规划' keywords=4
[watch-import] [SCORE] tag=motion_planning total=0 selected=0
[watch-import] [TAG] task_planning 'task_planning｜任务规划' keywords=4
[watch-import] [SCORE] tag=task_planning total=12 selected=0
[watch-import] [TAG] code_based_task_planning 'code_based_task_planning｜代码任务规划' keywords=4
[watch-import] [SCORE] tag=code_based_task_planning total=0 selected=0
[watch-import] [TAG] language_based_task_planning 'language_based_task_planning｜语言任务规划' keywords=3
[watch-import] [SCORE] tag=language_based_task_planning total=0 selected=0
[watch-import] [TAG] end_to_end_task_planning 'end_to_end_task_planning｜端到端任务规划' keywords=3
[watch-import] [SCORE] tag=end_to_end_task_planning total=0 selected=0
[watch-import] [TAG] grounded_task_planning 'grounded_task_planning｜具身语义任务规划' keywords=3
[watch-import] [SCORE] tag=grounded_task_planning total=0 selected=0
[watch-import] [TAG] transformer_policy 'transformer_policy｜Transformer控制策略' keywords=4
[watch-import] [SCORE] tag=transformer_policy total=1 selected=0
[watch-import] [TAG] diffusion_policy 'diffusion_policy｜扩散策略学习' keywords=3
[watch-import] [SCORE] tag=diffusion_policy total=0 selected=0
[watch-import] [TAG] 3d_vision '3d_vision｜3D视觉感知' keywords=4
[watch-import] [SCORE] tag=3d_vision total=0 selected=0
[watch-import] [TAG] point_based_action 'point_based_action｜基于点的控制' keywords=4
[watch-import] [SCORE] tag=point_based_action total=0 selected=0
[watch-import] [TAG] chain_of_thought 'chain_of_thought｜链式推理' keywords=4
[watch-import] [SCORE] tag=chain_of_thought total=0 selected=0
[watch-import] [INFO] Recorded 0 new items → /Users/neoone/code/Zotero/.data/new_items_watch.json
[watch-import] [INFO] Done. Summary: {"candidates": 0, "added": 0, "skipped": 10, "updated": 0, "hf_candidates": 64, "hf_overrides": 4}
[watch-import] [INFO] Report → /Users/neoone/code/Zotero/reports/watch_20260105_102626.json
[PIPELINE] ✓ watch completed
[PIPELINE] → pdf: since_hours=24.0 limit=∞
[fetch-pdfs] [INFO] No items to process for PDF completion.
[PIPELINE] ✓ pdf completed
[PIPELINE] → dedupe: limit=∞ since_hours=24.0
[dedupe] [INFO] Scanned 0 top-level items (after time filter).
[dedupe] [INFO] No duplicates detected with the current heuristic.
[PIPELINE] ✓ dedupe completed
[PIPELINE] → summary: limit=200 since_hours=24.0
[summaries] [INFO] Fetched 200 Zotero items before time-window filtering.
[summaries] [INFO] 0 items remain after applying modified-since 24.0h window.
[summaries] [INFO] No Zotero items newer than the last 24.0 hours; nothing to do.
[PIPELINE] ✓ summary completed
[PIPELINE] → abstracts: limit=∞ since_hours=24.0
[abstracts] [INFO] Completed. Items scanned: 1811, updated: 0, missing abstract after lookup: 0.
[PIPELINE] ✓ abstracts completed
[PIPELINE] → notion: limit=500 since_hours=24.0
[notion-sync] [INFO] Completed. Scanned=0 created=0 updated=0
[PIPELINE] ✓ notion completed
{
  "watch": {
    "name": "watch-import",
    "command": [
      "/Users/neoone/miniconda3/bin/python",
      "/Users/neoone/code/Zotero/scripts/watch_and_import_papers.py",
      "--tags",
      "/Users/neoone/code/Zotero/tag.json",
      "--since-days",
      "7",
      "--since-hours",
      "24.0",
      "--top-k",
      "10",
      "--min-score",
      "0.3",
      "--log-file",
      "/Users/neoone/code/Zotero/logs/watch_20260105_102626.log",
      "--report-json",
      "/Users/neoone/code/Zotero/reports/watch_20260105_102626.json",
      "--create-collections"
    ],
    "artifacts": {
      "log": "/Users/neoone/code/Zotero/logs/watch_20260105_102626.log",
      "report": "/Users/neoone/code/Zotero/reports/watch_20260105_102626.json",
      "report_data": {
        "started_at": "2026-01-05T10:26:26.726901",
        "params": {
          "since_days": 7,
          "since_hours": 24.0,
          "top_k": 10,
          "min_score": 0.3,
          "create_collections": true,
          "fill_missing": false,
          "dry_run": false,
          "use_hf_papers": true,
          "hf_weight": 0.3
        },
        "tags": {
          "embodied_ai": {
            "label": "embodied_ai｜具身智能",
            "candidates": 0,
            "added": 0,
            "skipped": 0,
            "updated": 0,
            "hf_candidates": 0,
            "hf_overrides": 0
          },
          "embodied_surveys": {
            "label": "embodied_surveys｜具身智能综述",
            "candidates": 97,
            "added": 0,
            "skipped": 0,
            "updated": 0,
            "hf_candidates": 1,
            "hf_overrides": 0
          },
          "sim2real": {
            "label": "sim2real｜模拟到现实",
            "candidates": 0,
            "added": 0,
            "skipped": 0,
            "updated": 0,
            "hf_candidates": 0,
            "hf_overrides": 0
          },
          "teleoperation": {
            "label": "teleoperation｜遥操作",
            "candidates": 4,
            "added": 0,
            "skipped": 1,
            "updated": 0,
            "hf_candidates": 1,
            "hf_overrides": 0
          },
          "robotic_navigation": {
            "label": "robotic_navigation｜机器人导航",
            "candidates": 53,
            "added": 0,
            "skipped": 0,
            "updated": 0,
            "hf_candidates": 3,
            "hf_overrides": 0
          },
          "robotic_manipulation": {
            "label": "robotic_manipulation｜机器人操作",
            "candidates": 54,
            "added": 0,
            "skipped": 0,
            "updated": 0,
            "hf_candidates": 4,
            "hf_overrides": 0
          },
          "robotic_grasping": {
            "label": "robotic_grasping｜机器人抓取",
            "candidates": 0,
            "added": 0,
            "skipped": 0,
            "updated": 0,
            "hf_candidates": 0,
            "hf_overrides": 0
          },
          "vision_language_model": {
            "label": "vision_language_model｜视觉语言模型",
            "candidates": 66,
            "added": 0,
            "skipped": 0,
            "updated": 0,
            "hf_candidates": 6,
            "hf_overrides": 0
          },
          "vision_language_action_model": {
            "label": "vision_language_action_model｜视觉语言动作模型",
            "candidates": 19,
            "added": 0,
            "skipped": 2,
            "updated": 0,
            "hf_candidates": 2,
            "hf_overrides": 1
          },
          "large_language_model": {
            "label": "large_language_model｜大语言模型",
            "candidates": 72,
            "added": 0,
            "skipped": 0,
            "updated": 0,
            "hf_candidates": 22,
            "hf_overrides": 0
          },
          "foundation_model": {
            "label": "foundation_model｜基础模型",
            "candidates": 1,
            "added": 0,
            "skipped": 1,
            "updated": 0,
            "hf_candidates": 1,
            "hf_overrides": 0
          },
          "dexterous_hand": {
            "label": "dexterous_hand｜灵巧机械手",
            "candidates": 1,
            "added": 0,
            "skipped": 1,
            "updated": 0,
            "hf_candidates": 1,
            "hf_overrides": 0
          },
          "humanoid_robot": {
            "label": "humanoid_robot｜类人机器人",
            "candidates": 2,
            "added": 0,
            "skipped": 1,
            "updated": 0,
            "hf_candidates": 1,
            "hf_overrides": 1
          },
          "quadruped_robot": {
            "label": "quadruped_robot｜四足机器人",
            "candidates": 0,
            "added": 0,
            "skipped": 0,
            "updated": 0,
            "hf_candidates": 0,
            "hf_overrides": 0
          },
          "robotic_arm": {
            "label": "robotic_arm｜机械臂",
            "candidates": 0,
            "added": 0,
            "skipped": 0,
            "updated": 0,
            "hf_candidates": 0,
            "hf_overrides": 0
          },
          "reinforcement_learning": {
            "label": "reinforcement_learning｜强化学习",
            "candidates": 68,
            "added": 0,
            "skipped": 4,
            "updated": 0,
            "hf_candidates": 22,
            "hf_overrides": 2
          },
          "imitation_learning": {
            "label": "imitation_learning｜模仿学习",
            "candidates": 0,
            "added": 0,
            "skipped": 0,
            "updated": 0,
            "hf_candidates": 0,
            "hf_overrides": 0
          },
          "world_model": {
            "label": "world_model｜世界模型",
            "candidates": 0,
            "added": 0,
            "skipped": 0,
            "updated": 0,
            "hf_candidates": 0,
            "hf_overrides": 0
          },
          "simulator": {
            "label": "simulator｜仿真平台",
            "candidates": 50,
            "added": 0,
            "skipped": 0,
            "updated": 0,
            "hf_candidates": 0,
            "hf_overrides": 0
          },
          "motion_planning": {
            "label": "motion_planning｜运动规划",
            "candidates": 0,
            "added": 0,
            "skipped": 0,
            "updated": 0,
            "hf_candidates": 0,
            "hf_overrides": 0
          },
          "task_planning": {
            "label": "task_planning｜任务规划",
            "candidates": 12,
            "added": 0,
            "skipped": 0,
            "updated": 0,
            "hf_candidates": 0,
            "hf_overrides": 0
          },
          "code_based_task_planning": {
            "label": "code_based_task_planning｜代码任务规划",
            "candidates": 0,
            "added": 0,
            "skipped": 0,
            "updated": 0,
            "hf_candidates": 0,
            "hf_overrides": 0
          },
          "language_based_task_planning": {
            "label": "language_based_task_planning｜语言任务规划",
            "candidates": 0,
            "added": 0,
            "skipped": 0,
            "updated": 0,
            "hf_candidates": 0,
            "hf_overrides": 0
          },
          "end_to_end_task_planning": {
            "label": "end_to_end_task_planning｜端到端任务规划",
            "candidates": 0,
            "added": 0,
            "skipped": 0,
            "updated": 0,
            "hf_candidates": 0,
            "hf_overrides": 0
          },
          "grounded_task_planning": {
            "label": "grounded_task_planning｜具身语义任务规划",
            "candidates": 0,
            "added": 0,
            "skipped": 0,
            "updated": 0,
            "hf_candidates": 0,
            "hf_overrides": 0
          },
          "transformer_policy": {
            "label": "transformer_policy｜Transformer控制策略",
            "candidates": 1,
            "added": 0,
            "skipped": 0,
            "updated": 0,
            "hf_candidates": 0,
            "hf_overrides": 0
          },
          "diffusion_policy": {
            "label": "diffusion_policy｜扩散策略学习",
            "candidates": 0,
            "added": 0,
            "skipped": 0,
            "updated": 0,
            "hf_candidates": 0,
            "hf_overrides": 0
          },
          "3d_vision": {
            "label": "3d_vision｜3D视觉感知",
            "candidates": 0,
            "added": 0,
            "skipped": 0,
            "updated": 0,
            "hf_candidates": 0,
            "hf_overrides": 0
          },
          "point_based_action": {
            "label": "point_based_action｜基于点的控制",
            "candidates": 0,
            "added": 0,
            "skipped": 0,
            "updated": 0,
            "hf_candidates": 0,
            "hf_overrides": 0
          },
          "chain_of_thought": {
            "label": "chain_of_thought｜链式推理",
            "candidates": 0,
            "added": 0,
            "skipped": 0,
            "updated": 0,
            "hf_candidates": 0,
            "hf_overrides": 0
          }
        },
        "summary": {
          "candidates": 0,
          "added": 0,
          "skipped": 10,
          "updated": 0,
          "hf_candidates": 64,
          "hf_overrides": 4
        },
        "errors": [],
        "hf_sources": {
          "daily": 5,
          "weekly": 20,
          "monthly": 27
        },
        "finished_at": "2026-01-05T10:35:24.055546"
      }
    }
  },
  "pdf": {
    "name": "fetch-pdfs",
    "command": [
      "/Users/neoone/miniconda3/bin/python",
      "/Users/neoone/code/Zotero/scripts/fetch_missing_pdfs.py",
      "--since-hours",
      "24.0",
      "--new-items-json",
      "/Users/neoone/code/Zotero/.data/new_items_watch.json"
    ],
    "artifacts": {}
  },
  "dedupe": {
    "name": "dedupe",
    "command": [
      "/Users/neoone/miniconda3/bin/python",
      "/Users/neoone/code/Zotero/scripts/merge_zotero_duplicates.py",
      "--group-by",
      "auto",
      "--modified-since-hours",
      "24.0"
    ],
    "artifacts": {}
  },
  "summary": {
    "name": "summaries",
    "command": [
      "/Users/neoone/miniconda3/bin/python",
      "/Users/neoone/code/Zotero/scripts/summarize_zotero_with_doubao.py",
      "--limit",
      "200",
      "--max-pages",
      "80",
      "--max-chars",
      "80000",
      "--note-tag",
      "AI总结",
      "--summary-dir",
      "/Users/neoone/code/Zotero/summaries",
      "--recursive",
      "--insert-note",
      "--modified-since-hours",
      "24.0"
    ],
    "artifacts": {
      "summary_dir": "/Users/neoone/code/Zotero/summaries"
    }
  },
  "abstract": {
    "name": "abstracts",
    "command": [
      "/Users/neoone/miniconda3/bin/python",
      "/Users/neoone/code/Zotero/scripts/enrich_zotero_abstracts.py",
      "--modified-since-hours",
      "24.0"
    ],
    "artifacts": {}
  },
  "notion": {
    "name": "notion-sync",
    "command": [
      "/Users/neoone/miniconda3/bin/python",
      "/Users/neoone/code/Zotero/scripts/sync_zotero_to_notion.py",
      "--limit",
      "500",
      "--tag-file",
      "/Users/neoone/code/Zotero/tag.json",
      "--recursive",
      "--skip-untitled",
      "--enrich-with-doubao",
      "--since-hours",
      "24.0"
    ],
    "artifacts": {}
  }
}
