[INFO] Started watch. since_hours=24.0 (→ days=1.00) top_k=10 min_score=0.3
[HF] daily fetched=10 from date/2025-11-21
[INFO] Building library index for dedupe...
[INFO] Library index sizes: DOI=73 arXiv=864 URL=1023 TY=1032
[TAG] embodied_ai 'embodied_ai｜具身智能' keywords=5
[HF] embodied_ai matched 1 trending papers.
[SCORE] tag=embodied_ai total=1 selected=0
[TAG] sim2real 'sim2real｜模拟到现实' keywords=5
[SCORE] tag=sim2real total=0 selected=0
[TAG] teleoperation 'teleoperation｜遥操作' keywords=5
[SCORE] tag=teleoperation total=0 selected=0
[TAG] robotic_navigation 'robotic_navigation｜机器人导航' keywords=5
[HF] robotic_navigation matched 1 trending papers.
[SCORE] tag=robotic_navigation total=51 selected=0
[TAG] robotic_manipulation 'robotic_manipulation｜机器人操作' keywords=5
[HF] robotic_manipulation matched 1 trending papers.
[SCORE] tag=robotic_manipulation total=18 selected=0
[TAG] robotic_grasping 'robotic_grasping｜机器人抓取' keywords=5
[SCORE] tag=robotic_grasping total=0 selected=0
[TAG] vision_language_model 'vision_language_model｜视觉语言模型' keywords=5
[HF] vision_language_model matched 2 trending papers.
[SCORE] tag=vision_language_model total=23 selected=0
[TAG] vision_language_action_model 'vision_language_action_model｜视觉语言动作模型' keywords=4
[HF] vision_language_action_model matched 1 trending papers.
[SCORE] tag=vision_language_action_model total=8 selected=0
[TAG] large_language_model 'large_language_model｜大语言模型' keywords=4
[HF] large_language_model matched 1 trending papers.
[SCORE] tag=large_language_model total=38 selected=0
[TAG] foundation_model 'foundation_model｜基础模型' keywords=4
[HF] foundation_model matched 2 trending papers.
[SCORE] tag=foundation_model total=2 selected=0
[TAG] dexterous_hand 'dexterous_hand｜灵巧机械手' keywords=4
[SCORE] tag=dexterous_hand total=0 selected=0
[TAG] humanoid_robot 'humanoid_robot｜类人机器人' keywords=4
[SCORE] tag=humanoid_robot total=2 selected=0
[TAG] quadruped_robot 'quadruped_robot｜四足机器人' keywords=3
[SCORE] tag=quadruped_robot total=0 selected=0
[TAG] robotic_arm 'robotic_arm｜机械臂' keywords=3
[SCORE] tag=robotic_arm total=0 selected=0
[TAG] reinforcement_learning 'reinforcement_learning｜强化学习' keywords=4
[HF] reinforcement_learning matched 8 trending papers.
[SCORE] tag=reinforcement_learning total=23 selected=0
[TAG] imitation_learning 'imitation_learning｜模仿学习' keywords=5
[SCORE] tag=imitation_learning total=0 selected=0
[TAG] world_model 'world_model｜世界模型' keywords=4
[HF] world_model matched 1 trending papers.
[SCORE] tag=world_model total=1 selected=0
[TAG] simulator 'simulator｜仿真平台' keywords=5
[SCORE] tag=simulator total=51 selected=0
[TAG] motion_planning 'motion_planning｜运动规划' keywords=4
[SCORE] tag=motion_planning total=0 selected=0
[TAG] task_planning 'task_planning｜任务规划' keywords=4
[HF] task_planning matched 1 trending papers.
[SCORE] tag=task_planning total=1 selected=0
[TAG] code_based_task_planning 'code_based_task_planning｜代码任务规划' keywords=4
[SCORE] tag=code_based_task_planning total=0 selected=0
[TAG] language_based_task_planning 'language_based_task_planning｜语言任务规划' keywords=3
[SCORE] tag=language_based_task_planning total=0 selected=0
[TAG] end_to_end_task_planning 'end_to_end_task_planning｜端到端任务规划' keywords=3
[SCORE] tag=end_to_end_task_planning total=0 selected=0
[TAG] grounded_task_planning 'grounded_task_planning｜具身语义任务规划' keywords=3
[SCORE] tag=grounded_task_planning total=0 selected=0
[TAG] transformer_policy 'transformer_policy｜Transformer控制策略' keywords=4
[SCORE] tag=transformer_policy total=0 selected=0
[TAG] diffusion_policy 'diffusion_policy｜扩散策略学习' keywords=3
[SCORE] tag=diffusion_policy total=0 selected=0
[TAG] 3d_vision '3d_vision｜3D视觉感知' keywords=4
[SCORE] tag=3d_vision total=0 selected=0
[TAG] point_based_action 'point_based_action｜基于点的控制' keywords=4
[SCORE] tag=point_based_action total=0 selected=0
[TAG] chain_of_thought 'chain_of_thought｜链式推理' keywords=4
[SCORE] tag=chain_of_thought total=0 selected=0
[INFO] Recorded 0 new items → /Users/neoone/code/Zotero/.data/new_items_watch.json
[INFO] Done. Summary: {"candidates": 0, "added": 0, "skipped": 0, "updated": 0, "hf_candidates": 19}
