[INFO] Started watch. since_hours=24.0 (→ days=1.00) top_k=10 min_score=0.3
[HF] daily fetched=5 from date/2025-12-02
[HF] weekly fetched=20 from week/2025-W49
[HF] monthly fetched=32 from month/2025-12
[INFO] Building library index for dedupe...
[INFO] Library index sizes: DOI=76 arXiv=876 URL=1056 TY=1065
[TAG] embodied_ai 'embodied_ai｜具身智能' keywords=5
[HF] embodied_ai matched 4 trending papers.
[HF-OVERRIDE] Added 'CaptionQA: Is Your Caption as Useful as the Image Itself?' despite score=0.22
[HF-OVERRIDE] Added 'DualVLA: Building a Generalizable Embodied Agent via Partial Decoupling of Reaso' despite score=0.20
[SCORE] tag=embodied_ai total=4 selected=4
[COL] ensured collection 'embodied_ai｜具身智能' → X496QMJ5
[ADD] CaptionQA: Is Your Caption as Useful as the Image Itself? → embodied_ai｜具身智能 [HI2UTMFT]
[ATTACH] PDF linked for HI2UTMFT
[ADD] DualVLA: Building a Generalizable Embodied Agent via Partial Decoupling of Reaso → embodied_ai｜具身智能 [25JB49BU]
[ATTACH] PDF linked for 25JB49BU
[SKIP] duplicate CaptionQA: Is Your Caption as Useful as the Image Itself? (arxiv:2511.21025)
[SKIP] duplicate DualVLA: Building a Generalizable Embodied Agent via Partial Decoupling of Reaso (arxiv:2511.22134)
[TAG] sim2real 'sim2real｜模拟到现实' keywords=5
[SCORE] tag=sim2real total=0 selected=0
[TAG] teleoperation 'teleoperation｜遥操作' keywords=5
[SCORE] tag=teleoperation total=0 selected=0
[TAG] robotic_navigation 'robotic_navigation｜机器人导航' keywords=5
[HF] robotic_navigation matched 2 trending papers.
[HF-OVERRIDE] Added 'Captain Safari: A World Engine' despite score=0.25
[HF-OVERRIDE] Added 'Captain Safari: A World Engine' despite score=0.09
[SCORE] tag=robotic_navigation total=2 selected=2
[COL] ensured collection 'robotic_navigation｜机器人导航' → MCGEU54N
[ADD] Captain Safari: A World Engine → robotic_navigation｜机器人导航 [8ENI9MZM]
[ATTACH] PDF linked for 8ENI9MZM
[SKIP] duplicate Captain Safari: A World Engine (arxiv:2511.22815)
[TAG] robotic_manipulation 'robotic_manipulation｜机器人操作' keywords=5
[HF] robotic_manipulation matched 5 trending papers.
[HF-OVERRIDE] Added 'REASONEDIT: Towards Reasoning-Enhanced Image Editing Models' despite score=0.30
[HF-OVERRIDE] Added 'DualVLA: Building a Generalizable Embodied Agent via Partial Decoupling of Reaso' despite score=0.20
[SCORE] tag=robotic_manipulation total=5 selected=4
[COL] ensured collection 'robotic_manipulation｜机器人操作' → VPMXKEIX
[ADD] REASONEDIT: Towards Reasoning-Enhanced Image Editing Models → robotic_manipulation｜机器人操作 [3DICMF9N]
[ATTACH] PDF linked for 3DICMF9N
[SKIP] duplicate DualVLA: Building a Generalizable Embodied Agent via Partial Decoupling of Reaso (arxiv:2511.22134)
[SKIP] duplicate REASONEDIT: Towards Reasoning-Enhanced Image Editing Models (arxiv:2511.22625)
[SKIP] duplicate DualVLA: Building a Generalizable Embodied Agent via Partial Decoupling of Reaso (arxiv:2511.22134)
[TAG] robotic_grasping 'robotic_grasping｜机器人抓取' keywords=5
[SCORE] tag=robotic_grasping total=0 selected=0
[TAG] vision_language_model 'vision_language_model｜视觉语言模型' keywords=5
[HF] vision_language_model matched 7 trending papers.
[HF-OVERRIDE] Added 'World in a Frame: Understanding Culture Mixing as a New Challenge for Vision-Lan' despite score=0.25
[HF-OVERRIDE] Added 'Test-time scaling of diffusions with flow maps' despite score=0.23
[SCORE] tag=vision_language_model total=7 selected=3
[COL] ensured collection 'vision_language_model｜视觉语言模型' → QVF9KXGQ
[SKIP] duplicate DualVLA: Building a Generalizable Embodied Agent via Partial Decoupling of Reaso (arxiv:2511.22134)
[ADD] World in a Frame: Understanding Culture Mixing as a New Challenge for Vision-Lan → vision_language_model｜视觉语言模型 [C5JGN677]
[ATTACH] PDF linked for C5JGN677
[ADD] Test-time scaling of diffusions with flow maps → vision_language_model｜视觉语言模型 [5CXDU9EX]
[ATTACH] PDF linked for 5CXDU9EX
[TAG] vision_language_action_model 'vision_language_action_model｜视觉语言动作模型' keywords=4
[HF] vision_language_action_model matched 2 trending papers.
[HF-OVERRIDE] Added 'DualVLA: Building a Generalizable Embodied Agent via Partial Decoupling of Reaso' despite score=0.20
[SCORE] tag=vision_language_action_model total=2 selected=2
[COL] ensured collection 'vision_language_action_model｜视觉语言动作模型' → QXJMF6GC
[SKIP] duplicate DualVLA: Building a Generalizable Embodied Agent via Partial Decoupling of Reaso (arxiv:2511.22134)
[SKIP] duplicate DualVLA: Building a Generalizable Embodied Agent via Partial Decoupling of Reaso (arxiv:2511.22134)
[TAG] large_language_model 'large_language_model｜大语言模型' keywords=4
[HF] large_language_model matched 20 trending papers.
[HF-OVERRIDE] Added 'REASONEDIT: Towards Reasoning-Enhanced Image Editing Models' despite score=0.30
[HF-OVERRIDE] Added 'Every Token Counts: Generalizing 16M Ultra-Long Context in Large Language Models' despite score=0.29
[SCORE] tag=large_language_model total=20 selected=6
[COL] ensured collection 'large_language_model｜大语言模型' → 2M7PTRS5
[SKIP] duplicate REASONEDIT: Towards Reasoning-Enhanced Image Editing Models (arxiv:2511.22625)
[ADD] DeepSeekMath-V2: Towards Self-Verifiable Mathematical Reasoning → large_language_model｜大语言模型 [28TTN2IJ]
[ATTACH] PDF linked for 28TTN2IJ
[ADD] Architecture Decoupling Is Not All You Need For Unified Multimodal Model → large_language_model｜大语言模型 [QNNATA8R]
[ATTACH] PDF linked for QNNATA8R
[SKIP] duplicate CaptionQA: Is Your Caption as Useful as the Image Itself? (arxiv:2511.21025)
[SKIP] duplicate REASONEDIT: Towards Reasoning-Enhanced Image Editing Models (arxiv:2511.22625)
[ADD] Every Token Counts: Generalizing 16M Ultra-Long Context in Large Language Models → large_language_model｜大语言模型 [9D4G6I5V]
[ATTACH] PDF linked for 9D4G6I5V
[TAG] foundation_model 'foundation_model｜基础模型' keywords=4
[HF] foundation_model matched 3 trending papers.
[HF-OVERRIDE] Added 'Z-Image: An Efficient Image Generation Foundation Model with Single-Stream Diffu' despite score=0.25
[SCORE] tag=foundation_model total=3 selected=3
[COL] ensured collection 'foundation_model｜基础模型' → XHCMX3G4
[ADD] Z-Image: An Efficient Image Generation Foundation Model with Single-Stream Diffu → foundation_model｜基础模型 [K5DZSES2]
[ATTACH] PDF linked for K5DZSES2
[SKIP] duplicate Z-Image: An Efficient Image Generation Foundation Model with Single-Stream Diffu (arxiv:2511.22699)
[SKIP] duplicate Z-Image: An Efficient Image Generation Foundation Model with Single-Stream Diffu (arxiv:2511.22699)
[TAG] dexterous_hand 'dexterous_hand｜灵巧机械手' keywords=4
[SCORE] tag=dexterous_hand total=0 selected=0
[TAG] humanoid_robot 'humanoid_robot｜类人机器人' keywords=4
[SCORE] tag=humanoid_robot total=0 selected=0
[TAG] quadruped_robot 'quadruped_robot｜四足机器人' keywords=3
[SCORE] tag=quadruped_robot total=0 selected=0
[TAG] robotic_arm 'robotic_arm｜机械臂' keywords=3
[SCORE] tag=robotic_arm total=0 selected=0
[TAG] reinforcement_learning 'reinforcement_learning｜强化学习' keywords=4
[HF] reinforcement_learning matched 26 trending papers.
[HF-OVERRIDE] Added 'REASONEDIT: Towards Reasoning-Enhanced Image Editing Models' despite score=0.30
[HF-OVERRIDE] Added 'Decoupled DMD: CFG Augmentation as the Spear, Distribution Matching as the Shiel' despite score=0.28
[SCORE] tag=reinforcement_learning total=26 selected=6
[COL] ensured collection 'reinforcement_learning｜强化学习' → 8S3SWIMS
[SKIP] duplicate REASONEDIT: Towards Reasoning-Enhanced Image Editing Models (arxiv:2511.22625)
[SKIP] duplicate DeepSeekMath-V2: Towards Self-Verifiable Mathematical Reasoning (arxiv:2511.22570)
[SKIP] duplicate Architecture Decoupling Is Not All You Need For Unified Multimodal Model (arxiv:2511.22663)
[SKIP] duplicate CaptionQA: Is Your Caption as Useful as the Image Itself? (arxiv:2511.21025)
[SKIP] duplicate REASONEDIT: Towards Reasoning-Enhanced Image Editing Models (arxiv:2511.22625)
[ADD] Decoupled DMD: CFG Augmentation as the Spear, Distribution Matching as the Shiel → reinforcement_learning｜强化学习 [44G3AFM2]
[ATTACH] PDF linked for 44G3AFM2
[TAG] imitation_learning 'imitation_learning｜模仿学习' keywords=5
[SCORE] tag=imitation_learning total=0 selected=0
[TAG] world_model 'world_model｜世界模型' keywords=4
[SCORE] tag=world_model total=0 selected=0
[TAG] simulator 'simulator｜仿真平台' keywords=5
[SCORE] tag=simulator total=0 selected=0
[TAG] motion_planning 'motion_planning｜运动规划' keywords=4
[SCORE] tag=motion_planning total=0 selected=0
[TAG] task_planning 'task_planning｜任务规划' keywords=4
[SCORE] tag=task_planning total=0 selected=0
[TAG] code_based_task_planning 'code_based_task_planning｜代码任务规划' keywords=4
[SCORE] tag=code_based_task_planning total=0 selected=0
[TAG] language_based_task_planning 'language_based_task_planning｜语言任务规划' keywords=3
[SCORE] tag=language_based_task_planning total=0 selected=0
[TAG] end_to_end_task_planning 'end_to_end_task_planning｜端到端任务规划' keywords=3
[SCORE] tag=end_to_end_task_planning total=0 selected=0
[TAG] grounded_task_planning 'grounded_task_planning｜具身语义任务规划' keywords=3
[SCORE] tag=grounded_task_planning total=0 selected=0
[TAG] transformer_policy 'transformer_policy｜Transformer控制策略' keywords=4
[SCORE] tag=transformer_policy total=0 selected=0
[TAG] diffusion_policy 'diffusion_policy｜扩散策略学习' keywords=3
[SCORE] tag=diffusion_policy total=0 selected=0
[TAG] 3d_vision '3d_vision｜3D视觉感知' keywords=4
[SCORE] tag=3d_vision total=0 selected=0
[TAG] point_based_action 'point_based_action｜基于点的控制' keywords=4
[SCORE] tag=point_based_action total=0 selected=0
[TAG] chain_of_thought 'chain_of_thought｜链式推理' keywords=4
[SCORE] tag=chain_of_thought total=0 selected=0
[INFO] Recorded 11 new items → /Users/neoone/code/Zotero/.data/new_items_watch.json
[INFO] Done. Summary: {"candidates": 11, "added": 11, "skipped": 19, "updated": 0, "hf_candidates": 69, "hf_overrides": 14}
