[INFO] Started watch. since_hours=24.0 (→ days=1.00) top_k=10 min_score=0.3
[HF] daily fetched=5 from date/2025-11-21
[HF] weekly fetched=20 from week/2025-W47
[HF] monthly fetched=50 from month/2025-11
[INFO] Building library index for dedupe...
[INFO] Library index sizes: DOI=73 arXiv=864 URL=1027 TY=1036
[TAG] embodied_ai 'embodied_ai｜具身智能' keywords=5
[HF] embodied_ai matched 3 trending papers.
[HF-OVERRIDE] Added 'PhysX-Anything: Simulation-Ready Physical 3D Assets from Single Image' despite score=0.08
[HF-OVERRIDE] Added 'LEGO-Eval: Towards Fine-Grained Evaluation on Synthesizing 3D Embodied
  Environ' despite score=0.04
[SCORE] tag=embodied_ai total=3 selected=2
[SKIP] duplicate PhysX-Anything: Simulation-Ready Physical 3D Assets from Single Image (arxiv:2511.13648)
[ADD] LEGO-Eval: Towards Fine-Grained Evaluation on Synthesizing 3D Embodied
  Environ → embodied_ai｜具身智能 [4H6K2PHE]
[ATTACH] PDF linked for 4H6K2PHE
[TAG] sim2real 'sim2real｜模拟到现实' keywords=5
[SCORE] tag=sim2real total=0 selected=0
[TAG] teleoperation 'teleoperation｜遥操作' keywords=5
[SCORE] tag=teleoperation total=0 selected=0
[TAG] robotic_navigation 'robotic_navigation｜机器人导航' keywords=5
[HF] robotic_navigation matched 5 trending papers.
[HF-OVERRIDE] Added 'IterResearch: Rethinking Long-Horizon Agents via Markovian State
  Reconstructio' despite score=0.18
[HF-OVERRIDE] Added 'Video-as-Answer: Predict and Generate Next Video Event with Joint-GRPO' despite score=0.05
[SCORE] tag=robotic_navigation total=51 selected=4
[ADD] Thinking with Video: Video Generation as a Promising Multimodal
  Reasoning Para → robotic_navigation｜机器人导航 [5PKEMMCD]
[ATTACH] PDF linked for 5PKEMMCD
[ADD] Lumine: An Open Recipe for Building Generalist Agents in 3D Open Worlds → robotic_navigation｜机器人导航 [AXHWUWV7]
[ATTACH] PDF linked for AXHWUWV7
[ADD] IterResearch: Rethinking Long-Horizon Agents via Markovian State
  Reconstructio → robotic_navigation｜机器人导航 [NZNGUWKE]
[ATTACH] PDF linked for NZNGUWKE
[SKIP] duplicate Video-as-Answer: Predict and Generate Next Video Event with Joint-GRPO (arxiv:2511.16669)
[TAG] robotic_manipulation 'robotic_manipulation｜机器人操作' keywords=5
[HF] robotic_manipulation matched 3 trending papers.
[HF-OVERRIDE] Added 'ThinkMorph: Emergent Properties in Multimodal Interleaved
  Chain-of-Thought Rea' despite score=0.21
[HF-OVERRIDE] Added 'Time-to-Move: Training-Free Motion Controlled Video Generation via Dual-Clock De' despite score=0.11
[SCORE] tag=robotic_manipulation total=17 selected=3
[SKIP] duplicate Lumine: An Open Recipe for Building Generalist Agents in 3D Open Worlds (arxiv:2511.08892)
[ADD] ThinkMorph: Emergent Properties in Multimodal Interleaved
  Chain-of-Thought Rea → robotic_manipulation｜机器人操作 [NEMD8RQW]
[ATTACH] PDF linked for NEMD8RQW
[ADD] Time-to-Move: Training-Free Motion Controlled Video Generation via Dual-Clock De → robotic_manipulation｜机器人操作 [M855TQRG]
[ATTACH] PDF linked for M855TQRG
[TAG] robotic_grasping 'robotic_grasping｜机器人抓取' keywords=5
[SCORE] tag=robotic_grasping total=0 selected=0
[TAG] vision_language_model 'vision_language_model｜视觉语言模型' keywords=5
[HF] vision_language_model matched 19 trending papers.
[HF-OVERRIDE] Added 'VCode: a Multimodal Coding Benchmark with SVG as Symbolic Visual
  Representatio' despite score=0.29
[HF-OVERRIDE] Added 'VIDEOP2R: Video Understanding from Perception to Reasoning' despite score=0.28
[SCORE] tag=vision_language_model total=35 selected=4
[SKIP] duplicate Thinking with Video: Video Generation as a Promising Multimodal
  Reasoning Para (arxiv:2511.04570)
[SKIP] duplicate Lumine: An Open Recipe for Building Generalist Agents in 3D Open Worlds (arxiv:2511.08892)
[ADD] VCode: a Multimodal Coding Benchmark with SVG as Symbolic Visual
  Representatio → vision_language_model｜视觉语言模型 [7UQ484FV]
[ATTACH] PDF linked for 7UQ484FV
[SKIP] duplicate VIDEOP2R: Video Understanding from Perception to Reasoning (arxiv:2511.11113)
[TAG] vision_language_action_model 'vision_language_action_model｜视觉语言动作模型' keywords=4
[HF] vision_language_action_model matched 4 trending papers.
[HF-OVERRIDE] Added 'Don't Blind Your VLA: Aligning Visual Representations for OOD
  Generalization' despite score=0.24
[HF-OVERRIDE] Added 'π_RL: Online RL Fine-tuning for Flow-based
  Vision-Language-Action Models' despite score=0.13
[SCORE] tag=vision_language_action_model total=8 selected=2
[ADD] Don't Blind Your VLA: Aligning Visual Representations for OOD
  Generalization → vision_language_action_model｜视觉语言动作模型 [Z8FMW8CJ]
[ATTACH] PDF linked for Z8FMW8CJ
[ADD] π_RL: Online RL Fine-tuning for Flow-based
  Vision-Language-Action Models → vision_language_action_model｜视觉语言动作模型 [XGIVWRH9]
[ATTACH] PDF linked for XGIVWRH9
[TAG] large_language_model 'large_language_model｜大语言模型' keywords=4
[HF] large_language_model matched 33 trending papers.
[HF-OVERRIDE] Added 'MiroThinker: Pushing the Performance Boundaries of Open-Source Research Agents v' despite score=0.30
[HF-OVERRIDE] Added 'P1: Mastering Physics Olympiads with Reinforcement Learning' despite score=0.28
[SCORE] tag=large_language_model total=69 selected=4
[SKIP] duplicate Thinking with Video: Video Generation as a Promising Multimodal
  Reasoning Para (arxiv:2511.04570)
[ADD] MiroThinker: Pushing the Performance Boundaries of Open-Source Research Agents v → large_language_model｜大语言模型 [NG9R2UKK]
[ATTACH] PDF linked for NG9R2UKK
[SKIP] duplicate MiroThinker: Pushing the Performance Boundaries of Open-Source Research Agents v (arxiv:2511.11793)
[SKIP] duplicate P1: Mastering Physics Olympiads with Reinforcement Learning (arxiv:2511.13612)
[TAG] foundation_model 'foundation_model｜基础模型' keywords=4
[HF] foundation_model matched 4 trending papers.
[HF-OVERRIDE] Added 'Scaling Spatial Intelligence with Multimodal Foundation Models' despite score=0.10
[HF-OVERRIDE] Added 'Large Language Models Meet Extreme Multi-label Classification: Scaling and Multi' despite score=0.03
[SCORE] tag=foundation_model total=4 selected=4
[ADD] Kandinsky 5.0: A Family of Foundation Models for Image and Video Generation → foundation_model｜基础模型 [XS4W7VDX]
[ATTACH] PDF linked for XS4W7VDX
[SKIP] duplicate Kandinsky 5.0: A Family of Foundation Models for Image and Video Generation (arxiv:2511.14993)
[SKIP] duplicate Scaling Spatial Intelligence with Multimodal Foundation Models (arxiv:2511.13719)
[ADD] Large Language Models Meet Extreme Multi-label Classification: Scaling and Multi → foundation_model｜基础模型 [NRCAM7KH]
[ATTACH] PDF linked for NRCAM7KH
[TAG] dexterous_hand 'dexterous_hand｜灵巧机械手' keywords=4
[SCORE] tag=dexterous_hand total=0 selected=0
[TAG] humanoid_robot 'humanoid_robot｜类人机器人' keywords=4
[SCORE] tag=humanoid_robot total=2 selected=0
[TAG] quadruped_robot 'quadruped_robot｜四足机器人' keywords=3
[SCORE] tag=quadruped_robot total=0 selected=0
[TAG] robotic_arm 'robotic_arm｜机械臂' keywords=3
[SCORE] tag=robotic_arm total=0 selected=0
[TAG] reinforcement_learning 'reinforcement_learning｜强化学习' keywords=4
[HF] reinforcement_learning matched 47 trending papers.
[HF-OVERRIDE] Added 'MiroThinker: Pushing the Performance Boundaries of Open-Source Research Agents v' despite score=0.30
[HF-OVERRIDE] Added 'One Small Step in Latent, One Giant Leap for Pixels: Fast Latent Upscale Adapter' despite score=0.30
[SCORE] tag=reinforcement_learning total=62 selected=9
[ADD] Diffusion Language Models are Super Data Learners → reinforcement_learning｜强化学习 [645PU4GU]
[ATTACH] PDF linked for 645PU4GU
[SKIP] duplicate Kandinsky 5.0: A Family of Foundation Models for Image and Video Generation (arxiv:2511.14993)
[SKIP] duplicate Lumine: An Open Recipe for Building Generalist Agents in 3D Open Worlds (arxiv:2511.08892)
[SKIP] duplicate Kandinsky 5.0: A Family of Foundation Models for Image and Video Generation (arxiv:2511.14993)
[SKIP] duplicate MiroThinker: Pushing the Performance Boundaries of Open-Source Research Agents v (arxiv:2511.11793)
[SKIP] duplicate P1: Mastering Physics Olympiads with Reinforcement Learning (arxiv:2511.13612)
[ADD] Tiny Model, Big Logic: Diversity-Driven Optimization Elicits Large-Model
  Reaso → reinforcement_learning｜强化学习 [PAPFD2Z6]
[ATTACH] PDF linked for PAPFD2Z6
[SKIP] duplicate MiroThinker: Pushing the Performance Boundaries of Open-Source Research Agents v (arxiv:2511.11793)
[ADD] One Small Step in Latent, One Giant Leap for Pixels: Fast Latent Upscale Adapter → reinforcement_learning｜强化学习 [I4JFFHM8]
[ATTACH] PDF linked for I4JFFHM8
[TAG] imitation_learning 'imitation_learning｜模仿学习' keywords=5
[HF] imitation_learning matched 1 trending papers.
[HF-OVERRIDE] Added 'EBT-Policy: Energy Unlocks Emergent Physical Reasoning Capabilities' despite score=0.05
[SCORE] tag=imitation_learning total=1 selected=1
[ADD] EBT-Policy: Energy Unlocks Emergent Physical Reasoning Capabilities → imitation_learning｜模仿学习 [4EQXBNB9]
[ATTACH] PDF linked for 4EQXBNB9
[TAG] world_model 'world_model｜世界模型' keywords=4
[HF] world_model matched 1 trending papers.
[HF-OVERRIDE] Added 'PAN: A World Model for General, Interactable, and Long-Horizon World Simulation' despite score=0.16
[SCORE] tag=world_model total=1 selected=1
[ADD] PAN: A World Model for General, Interactable, and Long-Horizon World Simulation → world_model｜世界模型 [EG74QP6Z]
[ATTACH] PDF linked for EG74QP6Z
[TAG] simulator 'simulator｜仿真平台' keywords=5
[HF] simulator matched 2 trending papers.
[SCORE] tag=simulator total=53 selected=0
[TAG] motion_planning 'motion_planning｜运动规划' keywords=4
[SCORE] tag=motion_planning total=0 selected=0
[TAG] task_planning 'task_planning｜任务规划' keywords=4
[HF] task_planning matched 3 trending papers.
[HF-OVERRIDE] Added 'Grounding Computer Use Agents on Human Demonstrations' despite score=0.28
[HF-OVERRIDE] Added 'Part-X-MLLM: Part-aware 3D Multimodal Large Language Model' despite score=0.17
[SCORE] tag=task_planning total=3 selected=2
[ADD] Grounding Computer Use Agents on Human Demonstrations → task_planning｜任务规划 [4M8SRAD2]
[ATTACH] PDF linked for 4M8SRAD2
[ADD] Part-X-MLLM: Part-aware 3D Multimodal Large Language Model → task_planning｜任务规划 [5E6KMBW9]
[ATTACH] PDF linked for 5E6KMBW9
[TAG] code_based_task_planning 'code_based_task_planning｜代码任务规划' keywords=4
[SCORE] tag=code_based_task_planning total=0 selected=0
[TAG] language_based_task_planning 'language_based_task_planning｜语言任务规划' keywords=3
[SCORE] tag=language_based_task_planning total=0 selected=0
[TAG] end_to_end_task_planning 'end_to_end_task_planning｜端到端任务规划' keywords=3
[SCORE] tag=end_to_end_task_planning total=0 selected=0
[TAG] grounded_task_planning 'grounded_task_planning｜具身语义任务规划' keywords=3
[SCORE] tag=grounded_task_planning total=0 selected=0
[TAG] transformer_policy 'transformer_policy｜Transformer控制策略' keywords=4
[SCORE] tag=transformer_policy total=0 selected=0
[TAG] diffusion_policy 'diffusion_policy｜扩散策略学习' keywords=3
[HF] diffusion_policy matched 1 trending papers.
[HF-OVERRIDE] Added 'EBT-Policy: Energy Unlocks Emergent Physical Reasoning Capabilities' despite score=0.05
[SCORE] tag=diffusion_policy total=1 selected=1
[SKIP] duplicate EBT-Policy: Energy Unlocks Emergent Physical Reasoning Capabilities (doi:10.48550/arxiv.2510.27545)
[TAG] 3d_vision '3d_vision｜3D视觉感知' keywords=4
[SCORE] tag=3d_vision total=0 selected=0
[TAG] point_based_action 'point_based_action｜基于点的控制' keywords=4
[SCORE] tag=point_based_action total=0 selected=0
[TAG] chain_of_thought 'chain_of_thought｜链式推理' keywords=4
[SCORE] tag=chain_of_thought total=0 selected=0
[INFO] Recorded 19 new items → /Users/neoone/code/Zotero/.data/new_items_watch.json
[INFO] Done. Summary: {"candidates": 19, "added": 19, "skipped": 18, "updated": 0, "hf_candidates": 126, "hf_overrides": 21}
