[INFO] Started watch. since_hours=24.0 (→ days=1.00) top_k=10 min_score=0.3
[HF] daily fetched=5 from date/2025-11-25
[HF] weekly fetched=20 from week/2025-W48
[HF] monthly fetched=50 from month/2025-11
[INFO] Building library index for dedupe...
[INFO] Library index sizes: DOI=76 arXiv=874 URL=1049 TY=1058
[TAG] embodied_ai 'embodied_ai｜具身智能' keywords=5
[SCORE] tag=embodied_ai total=0 selected=0
[TAG] sim2real 'sim2real｜模拟到现实' keywords=5
[SCORE] tag=sim2real total=0 selected=0
[TAG] teleoperation 'teleoperation｜遥操作' keywords=5
[SCORE] tag=teleoperation total=1 selected=0
[TAG] robotic_navigation 'robotic_navigation｜机器人导航' keywords=5
[HF] robotic_navigation matched 4 trending papers.
[HF-OVERRIDE] Added 'IterResearch: Rethinking Long-Horizon Agents via Markovian State
  Reconstructio' despite score=0.14
[HF-OVERRIDE] Added 'π_RL: Online RL Fine-tuning for Flow-based
  Vision-Language-Action Models' despite score=0.08
[SCORE] tag=robotic_navigation total=44 selected=4
[COL] ensured collection 'robotic_navigation｜机器人导航' → MCGEU54N
[SKIP] duplicate Thinking with Video: Video Generation as a Promising Multimodal
  Reasoning Para (arxiv:2511.04570)
[SKIP] duplicate Lumine: An Open Recipe for Building Generalist Agents in 3D Open Worlds (arxiv:2511.08892)
[SKIP] duplicate IterResearch: Rethinking Long-Horizon Agents via Markovian State
  Reconstructio (arxiv:2511.07327)
[SKIP] duplicate π_RL: Online RL Fine-tuning for Flow-based
  Vision-Language-Action Models (arxiv:2510.25889)
[TAG] robotic_manipulation 'robotic_manipulation｜机器人操作' keywords=5
[HF] robotic_manipulation matched 5 trending papers.
[HF-OVERRIDE] Added 'GeoVista: Web-Augmented Agentic Visual Reasoning for Geolocalization' despite score=0.24
[HF-OVERRIDE] Added 'ThinkMorph: Emergent Properties in Multimodal Interleaved
  Chain-of-Thought Rea' despite score=0.18
[SCORE] tag=robotic_manipulation total=15 selected=3
[COL] ensured collection 'robotic_manipulation｜机器人操作' → VPMXKEIX
[SKIP] duplicate Lumine: An Open Recipe for Building Generalist Agents in 3D Open Worlds (arxiv:2511.08892)
[SKIP] duplicate GeoVista: Web-Augmented Agentic Visual Reasoning for Geolocalization (arxiv:2511.15705)
[SKIP] duplicate ThinkMorph: Emergent Properties in Multimodal Interleaved
  Chain-of-Thought Rea (doi:10.48550/arxiv.2510.27492)
[TAG] robotic_grasping 'robotic_grasping｜机器人抓取' keywords=5
[SCORE] tag=robotic_grasping total=0 selected=0
[TAG] vision_language_model 'vision_language_model｜视觉语言模型' keywords=5
[HF] vision_language_model matched 13 trending papers.
[HF-OVERRIDE] Added 'VIDEOP2R: Video Understanding from Perception to Reasoning' despite score=0.28
[HF-OVERRIDE] Added 'VCode: a Multimodal Coding Benchmark with SVG as Symbolic Visual
  Representatio' despite score=0.26
[SCORE] tag=vision_language_model total=38 selected=4
[COL] ensured collection 'vision_language_model｜视觉语言模型' → QVF9KXGQ
[SKIP] duplicate Thinking with Video: Video Generation as a Promising Multimodal
  Reasoning Para (arxiv:2511.04570)
[SKIP] duplicate Lumine: An Open Recipe for Building Generalist Agents in 3D Open Worlds (arxiv:2511.08892)
[SKIP] duplicate VIDEOP2R: Video Understanding from Perception to Reasoning (arxiv:2511.11113)
[SKIP] duplicate VCode: a Multimodal Coding Benchmark with SVG as Symbolic Visual
  Representatio (arxiv:2511.02778)
[TAG] vision_language_action_model 'vision_language_action_model｜视觉语言动作模型' keywords=4
[HF] vision_language_action_model matched 3 trending papers.
[HF-OVERRIDE] Added 'Don't Blind Your VLA: Aligning Visual Representations for OOD
  Generalization' despite score=0.23
[HF-OVERRIDE] Added 'RynnVLA-002: A Unified Vision-Language-Action and World Model' despite score=0.13
[SCORE] tag=vision_language_action_model total=8 selected=2
[COL] ensured collection 'vision_language_action_model｜视觉语言动作模型' → QXJMF6GC
[SKIP] duplicate Don't Blind Your VLA: Aligning Visual Representations for OOD
  Generalization (arxiv:2510.25616)
[SKIP] duplicate RynnVLA-002: A Unified Vision-Language-Action and World Model (arxiv:2511.17502)
[TAG] large_language_model 'large_language_model｜大语言模型' keywords=4
[HF] large_language_model matched 30 trending papers.
[HF-OVERRIDE] Added 'Unveiling Intrinsic Dimension of Texts: from Academic Abstract to Creative Story' despite score=0.28
[HF-OVERRIDE] Added 'General Agentic Memory Via Deep Research' despite score=0.25
[SCORE] tag=large_language_model total=70 selected=3
[COL] ensured collection 'large_language_model｜大语言模型' → 2M7PTRS5
[ADD] General Agentic Memory Via Deep Research → large_language_model｜大语言模型 [6QFR97KG]
[ATTACH] PDF linked for 6QFR97KG
[SKIP] duplicate Unveiling Intrinsic Dimension of Texts: from Academic Abstract to Creative Story (arxiv:2511.15210)
[SKIP] duplicate General Agentic Memory Via Deep Research (arxiv:2511.18423)
[TAG] foundation_model 'foundation_model｜基础模型' keywords=4
[HF] foundation_model matched 1 trending papers.
[SCORE] tag=foundation_model total=1 selected=1
[COL] ensured collection 'foundation_model｜基础模型' → XHCMX3G4
[SKIP] duplicate Kandinsky 5.0: A Family of Foundation Models for Image and Video Generation (arxiv:2511.14993)
[TAG] dexterous_hand 'dexterous_hand｜灵巧机械手' keywords=4
[SCORE] tag=dexterous_hand total=0 selected=0
[TAG] humanoid_robot 'humanoid_robot｜类人机器人' keywords=4
[SCORE] tag=humanoid_robot total=1 selected=0
[TAG] quadruped_robot 'quadruped_robot｜四足机器人' keywords=3
[SCORE] tag=quadruped_robot total=0 selected=0
[TAG] robotic_arm 'robotic_arm｜机械臂' keywords=3
[SCORE] tag=robotic_arm total=0 selected=0
[TAG] reinforcement_learning 'reinforcement_learning｜强化学习' keywords=4
[HF] reinforcement_learning matched 50 trending papers.
[HF-OVERRIDE] Added 'OpenMMReasoner: Pushing the Frontiers for Multimodal Reasoning with an Open and ' despite score=0.30
[HF-OVERRIDE] Added 'One Small Step in Latent, One Giant Leap for Pixels: Fast Latent Upscale Adapter' despite score=0.30
[SCORE] tag=reinforcement_learning total=58 selected=9
[COL] ensured collection 'reinforcement_learning｜强化学习' → 8S3SWIMS
[SKIP] duplicate General Agentic Memory Via Deep Research (arxiv:2511.18423)
[SKIP] duplicate Kandinsky 5.0: A Family of Foundation Models for Image and Video Generation (arxiv:2511.14993)
[SKIP] duplicate Lumine: An Open Recipe for Building Generalist Agents in 3D Open Worlds (arxiv:2511.08892)
[SKIP] duplicate MiroThinker: Pushing the Performance Boundaries of Open-Source Research Agents v (arxiv:2511.11793)
[SKIP] duplicate P1: Mastering Physics Olympiads with Reinforcement Learning (arxiv:2511.13612)
[SKIP] duplicate Diffusion Language Models are Super Data Learners (arxiv:2511.03276)
[SKIP] duplicate Tiny Model, Big Logic: Diversity-Driven Optimization Elicits Large-Model
  Reaso (arxiv:2511.06221)
[SKIP] duplicate OpenMMReasoner: Pushing the Frontiers for Multimodal Reasoning with an Open and  (arxiv:2511.16334)
[SKIP] duplicate One Small Step in Latent, One Giant Leap for Pixels: Fast Latent Upscale Adapter (arxiv:2511.10629)
[TAG] imitation_learning 'imitation_learning｜模仿学习' keywords=5
[SCORE] tag=imitation_learning total=0 selected=0
[TAG] world_model 'world_model｜世界模型' keywords=4
[HF] world_model matched 2 trending papers.
[HF-OVERRIDE] Added 'RynnVLA-002: A Unified Vision-Language-Action and World Model' despite score=0.13
[HF-OVERRIDE] Added 'PAN: A World Model for General, Interactable, and Long-Horizon World Simulation' despite score=0.11
[SCORE] tag=world_model total=2 selected=2
[COL] ensured collection 'world_model｜世界模型' → 4R62EWKD
[SKIP] duplicate RynnVLA-002: A Unified Vision-Language-Action and World Model (arxiv:2511.17502)
[SKIP] duplicate PAN: A World Model for General, Interactable, and Long-Horizon World Simulation (arxiv:2511.09057)
[TAG] simulator 'simulator｜仿真平台' keywords=5
[SCORE] tag=simulator total=50 selected=0
[TAG] motion_planning 'motion_planning｜运动规划' keywords=4
[SCORE] tag=motion_planning total=0 selected=0
[TAG] task_planning 'task_planning｜任务规划' keywords=4
[HF] task_planning matched 3 trending papers.
[HF-OVERRIDE] Added 'Grounding Computer Use Agents on Human Demonstrations' despite score=0.27
[HF-OVERRIDE] Added 'Part-X-MLLM: Part-aware 3D Multimodal Large Language Model' despite score=0.13
[SCORE] tag=task_planning total=5 selected=2
[COL] ensured collection 'task_planning｜任务规划' → IDXJKRDJ
[SKIP] duplicate Grounding Computer Use Agents on Human Demonstrations (arxiv:2511.07332)
[SKIP] duplicate Part-X-MLLM: Part-aware 3D Multimodal Large Language Model (arxiv:2511.13647)
[TAG] code_based_task_planning 'code_based_task_planning｜代码任务规划' keywords=4
[SCORE] tag=code_based_task_planning total=0 selected=0
[TAG] language_based_task_planning 'language_based_task_planning｜语言任务规划' keywords=3
[SCORE] tag=language_based_task_planning total=0 selected=0
[TAG] end_to_end_task_planning 'end_to_end_task_planning｜端到端任务规划' keywords=3
[SCORE] tag=end_to_end_task_planning total=0 selected=0
[TAG] grounded_task_planning 'grounded_task_planning｜具身语义任务规划' keywords=3
[SCORE] tag=grounded_task_planning total=0 selected=0
[TAG] transformer_policy 'transformer_policy｜Transformer控制策略' keywords=4
[SCORE] tag=transformer_policy total=0 selected=0
[TAG] diffusion_policy 'diffusion_policy｜扩散策略学习' keywords=3
[SCORE] tag=diffusion_policy total=0 selected=0
[TAG] 3d_vision '3d_vision｜3D视觉感知' keywords=4
[SCORE] tag=3d_vision total=0 selected=0
[TAG] point_based_action 'point_based_action｜基于点的控制' keywords=4
[SCORE] tag=point_based_action total=0 selected=0
[TAG] chain_of_thought 'chain_of_thought｜链式推理' keywords=4
[SCORE] tag=chain_of_thought total=0 selected=0
[INFO] Recorded 1 new items → /Users/neoone/code/Zotero/.data/new_items_watch.json
[INFO] Done. Summary: {"candidates": 1, "added": 1, "skipped": 29, "updated": 0, "hf_candidates": 111, "hf_overrides": 16}
